# JRE version: OpenJDK Runtime Environment Temurin-21.0.8+9 (21.0.8+9) (build 21.0.8+9-LTS)
# Java VM: OpenJDK 64-Bit Server VM Temurin-21.0.8+9 (21.0.8+9-LTS, mixed mode, sharing, tiered, compressed oops, compressed class ptrs, parallel gc, windows-amd64)
GC Precious Log:
 CardTable entry size: 512
 CPUs: 8 total, 8 available
 Memory: 7932M
 Large Page Support: Disabled
 NUMA Support: Disabled
 Compressed Oops: Enabled (32-bit)
 Alignments: Space 512K, Generation 512K, Heap 2M
 Heap Min Capacity: 100M
 Heap Initial Capacity: 100M
 Heap Max Capacity: 2G
 Pre-touch: Disabled
 Parallel Workers: 8
Heap:
 PSYoungGen      total 12288K, used 1856K [0x00000000d5580000, 0x00000000d6480000, 0x0000000100000000)
  eden space 11776K, 11% used [0x00000000d5580000,0x00000000d56d01c8,0x00000000d6100000)
  from space 512K, 100% used [0x00000000d6400000,0x00000000d6480000,0x00000000d6480000)
  to   space 1024K, 0% used [0x00000000d6280000,0x00000000d6280000,0x00000000d6380000)
 ParOldGen       total 91136K, used 90821K [0x0000000080000000, 0x0000000085900000, 0x00000000d5580000)
  object space 91136K, 99% used [0x0000000080000000,0x00000000858b14a0,0x0000000085900000)
 Metaspace       used 69159K, committed 70720K, reserved 1114112K
  class space    used 7378K, committed 8064K, reserved 1048576K
GC Heap History (20 events):
Event: 63.072 GC heap before
{Heap before GC invocations=105 (full 3):
 PSYoungGen      total 12288K, used 12148K [0x00000000d5580000, 0x00000000d6480000, 0x0000000100000000)
  eden space 11776K, 100% used [0x00000000d5580000,0x00000000d6100000,0x00000000d6100000)
  from space 512K, 72% used [0x00000000d6380000,0x00000000d63dd340,0x00000000d6400000)
  to   space 512K, 0% used [0x00000000d6400000,0x00000000d6400000,0x00000000d6480000)
 ParOldGen       total 81920K, used 81654K [0x0000000080000000, 0x0000000085000000, 0x00000000d5580000)
  object space 81920K, 99% used [0x0000000080000000,0x0000000084fbdb30,0x0000000085000000)
 Metaspace       used 64852K, committed 66368K, reserved 1114112K
  class space    used 6985K, committed 7616K, reserved 1048576K
}
Event: 63.075 GC heap after
{Heap after GC invocations=105 (full 3):
 PSYoungGen      total 12288K, used 502K [0x00000000d5580000, 0x00000000d6600000, 0x0000000100000000)
  eden space 11776K, 0% used [0x00000000d5580000,0x00000000d5580000,0x00000000d6100000)
  from space 512K, 98% used [0x00000000d6400000,0x00000000d647db48,0x00000000d6480000)
  to   space 2560K, 0% used [0x00000000d6100000,0x00000000d6100000,0x00000000d6380000)
 ParOldGen       total 83456K, used 82970K [0x0000000080000000, 0x0000000085180000, 0x00000000d5580000)
  object space 83456K, 99% used [0x0000000080000000,0x0000000085106bc8,0x0000000085180000)
 Metaspace       used 64852K, committed 66368K, reserved 1114112K
  class space    used 6985K, committed 7616K, reserved 1048576K
}
Event: 63.566 GC heap before
{Heap before GC invocations=106 (full 3):
 PSYoungGen      total 12288K, used 12209K [0x00000000d5580000, 0x00000000d6600000, 0x0000000100000000)
  eden space 11776K, 99% used [0x00000000d5580000,0x00000000d60eea38,0x00000000d6100000)
  from space 512K, 98% used [0x00000000d6400000,0x00000000d647db48,0x00000000d6480000)
  to   space 2560K, 0% used [0x00000000d6100000,0x00000000d6100000,0x00000000d6380000)
 ParOldGen       total 83456K, used 82970K [0x0000000080000000, 0x0000000085180000, 0x00000000d5580000)
  object space 83456K, 99% used [0x0000000080000000,0x0000000085106bc8,0x0000000085180000)
 Metaspace       used 65317K, committed 66816K, reserved 1114112K
  class space    used 7028K, committed 7680K, reserved 1048576K
}
Event: 63.574 GC heap after
{Heap after GC invocations=106 (full 3):
 PSYoungGen      total 14336K, used 2553K [0x00000000d5580000, 0x00000000d6b00000, 0x0000000100000000)
  eden space 11776K, 0% used [0x00000000d5580000,0x00000000d5580000,0x00000000d6100000)
  from space 2560K, 99% used [0x00000000d6100000,0x00000000d637e4e8,0x00000000d6380000)
  to   space 5120K, 0% used [0x00000000d6600000,0x00000000d6600000,0x00000000d6b00000)
 ParOldGen       total 84992K, used 84609K [0x0000000080000000, 0x0000000085300000, 0x00000000d5580000)
  object space 84992K, 99% used [0x0000000080000000,0x00000000852a0660,0x0000000085300000)
 Metaspace       used 65317K, committed 66816K, reserved 1114112K
  class space    used 7028K, committed 7680K, reserved 1048576K
}
Event: 63.766 GC heap before
{Heap before GC invocations=107 (full 3):
 PSYoungGen      total 14336K, used 14329K [0x00000000d5580000, 0x00000000d6b00000, 0x0000000100000000)
  eden space 11776K, 100% used [0x00000000d5580000,0x00000000d6100000,0x00000000d6100000)
  from space 2560K, 99% used [0x00000000d6100000,0x00000000d637e4e8,0x00000000d6380000)
  to   space 5120K, 0% used [0x00000000d6600000,0x00000000d6600000,0x00000000d6b00000)
 ParOldGen       total 84992K, used 84609K [0x0000000080000000, 0x0000000085300000, 0x00000000d5580000)
  object space 84992K, 99% used [0x0000000080000000,0x00000000852a0660,0x0000000085300000)
 Metaspace       used 65345K, committed 66880K, reserved 1114112K
  class space    used 7028K, committed 7680K, reserved 1048576K
}
Event: 63.769 GC heap after
{Heap after GC invocations=107 (full 3):
 PSYoungGen      total 12800K, used 872K [0x00000000d5580000, 0x00000000d6700000, 0x0000000100000000)
  eden space 11776K, 0% used [0x00000000d5580000,0x00000000d5580000,0x00000000d6100000)
  from space 1024K, 85% used [0x00000000d6600000,0x00000000d66da1f0,0x00000000d6700000)
  to   space 2560K, 0% used [0x00000000d6200000,0x00000000d6200000,0x00000000d6480000)
 ParOldGen       total 87552K, used 87151K [0x0000000080000000, 0x0000000085580000, 0x00000000d5580000)
  object space 87552K, 99% used [0x0000000080000000,0x000000008551bfa0,0x0000000085580000)
 Metaspace       used 65345K, committed 66880K, reserved 1114112K
  class space    used 7028K, committed 7680K, reserved 1048576K
}
Event: 64.043 GC heap before
{Heap before GC invocations=108 (full 3):
 PSYoungGen      total 12800K, used 12648K [0x00000000d5580000, 0x00000000d6700000, 0x0000000100000000)
  eden space 11776K, 100% used [0x00000000d5580000,0x00000000d6100000,0x00000000d6100000)
  from space 1024K, 85% used [0x00000000d6600000,0x00000000d66da1f0,0x00000000d6700000)
  to   space 2560K, 0% used [0x00000000d6200000,0x00000000d6200000,0x00000000d6480000)
 ParOldGen       total 87552K, used 87151K [0x0000000080000000, 0x0000000085580000, 0x00000000d5580000)
  object space 87552K, 99% used [0x0000000080000000,0x000000008551bfa0,0x0000000085580000)
 Metaspace       used 65354K, committed 66880K, reserved 1114112K
  class space    used 7028K, committed 7680K, reserved 1048576K
}
Event: 64.046 GC heap after
{Heap after GC invocations=108 (full 3):
 PSYoungGen      total 14336K, used 790K [0x00000000d5580000, 0x00000000d6680000, 0x0000000100000000)
  eden space 11776K, 0% used [0x00000000d5580000,0x00000000d5580000,0x00000000d6100000)
  from space 2560K, 30% used [0x00000000d6200000,0x00000000d62c5838,0x00000000d6480000)
  to   space 1536K, 0% used [0x00000000d6500000,0x00000000d6500000,0x00000000d6680000)
 ParOldGen       total 87552K, used 87191K [0x0000000080000000, 0x0000000085580000, 0x00000000d5580000)
  object space 87552K, 99% used [0x0000000080000000,0x0000000085525fa0,0x0000000085580000)
 Metaspace       used 65354K, committed 66880K, reserved 1114112K
  class space    used 7028K, committed 7680K, reserved 1048576K
}
Event: 64.241 GC heap before
{Heap before GC invocations=109 (full 3):
 PSYoungGen      total 14336K, used 12566K [0x00000000d5580000, 0x00000000d6680000, 0x0000000100000000)
  eden space 11776K, 100% used [0x00000000d5580000,0x00000000d6100000,0x00000000d6100000)
  from space 2560K, 30% used [0x00000000d6200000,0x00000000d62c5838,0x00000000d6480000)
  to   space 1536K, 0% used [0x00000000d6500000,0x00000000d6500000,0x00000000d6680000)
 ParOldGen       total 87552K, used 87191K [0x0000000080000000, 0x0000000085580000, 0x00000000d5580000)
  object space 87552K, 99% used [0x0000000080000000,0x0000000085525fa0,0x0000000085580000)
 Metaspace       used 65865K, committed 67392K, reserved 1114112K
  class space    used 7070K, committed 7744K, reserved 1048576K
}
Event: 64.248 GC heap after
{Heap after GC invocations=109 (full 3):
 PSYoungGen      total 12288K, used 192K [0x00000000d5580000, 0x00000000d6580000, 0x0000000100000000)
  eden space 11776K, 0% used [0x00000000d5580000,0x00000000d5580000,0x00000000d6100000)
  from space 512K, 37% used [0x00000000d6500000,0x00000000d6530000,0x00000000d6580000)
  to   space 512K, 0% used [0x00000000d6480000,0x00000000d6480000,0x00000000d6500000)
 ParOldGen       total 87552K, used 87207K [0x0000000080000000, 0x0000000085580000, 0x00000000d5580000)
  object space 87552K, 99% used [0x0000000080000000,0x0000000085529fa0,0x0000000085580000)
 Metaspace       used 65865K, committed 67392K, reserved 1114112K
  class space    used 7070K, committed 7744K, reserved 1048576K
}
Event: 65.329 GC heap before
{Heap before GC invocations=110 (full 3):
 PSYoungGen      total 12288K, used 11968K [0x00000000d5580000, 0x00000000d6580000, 0x0000000100000000)
  eden space 11776K, 100% used [0x00000000d5580000,0x00000000d6100000,0x00000000d6100000)
  from space 512K, 37% used [0x00000000d6500000,0x00000000d6530000,0x00000000d6580000)
  to   space 512K, 0% used [0x00000000d6480000,0x00000000d6480000,0x00000000d6500000)
 ParOldGen       total 87552K, used 87207K [0x0000000080000000, 0x0000000085580000, 0x00000000d5580000)
  object space 87552K, 99% used [0x0000000080000000,0x0000000085529fa0,0x0000000085580000)
 Metaspace       used 67652K, committed 69184K, reserved 1114112K
  class space    used 7204K, committed 7872K, reserved 1048576K
}
Event: 65.336 GC heap after
{Heap after GC invocations=110 (full 3):
 PSYoungGen      total 12288K, used 503K [0x00000000d5580000, 0x00000000d6580000, 0x0000000100000000)
  eden space 11776K, 0% used [0x00000000d5580000,0x00000000d5580000,0x00000000d6100000)
  from space 512K, 98% used [0x00000000d6480000,0x00000000d64fde78,0x00000000d6500000)
  to   space 512K, 0% used [0x00000000d6500000,0x00000000d6500000,0x00000000d6580000)
 ParOldGen       total 87552K, used 87551K [0x0000000080000000, 0x0000000085580000, 0x00000000d5580000)
  object space 87552K, 99% used [0x0000000080000000,0x000000008557ffb8,0x0000000085580000)
 Metaspace       used 67652K, committed 69184K, reserved 1114112K
  class space    used 7204K, committed 7872K, reserved 1048576K
}
Event: 66.332 GC heap before
{Heap before GC invocations=111 (full 3):
 PSYoungGen      total 12288K, used 12263K [0x00000000d5580000, 0x00000000d6580000, 0x0000000100000000)
  eden space 11776K, 99% used [0x00000000d5580000,0x00000000d60fc180,0x00000000d6100000)
  from space 512K, 98% used [0x00000000d6480000,0x00000000d64fde78,0x00000000d6500000)
  to   space 512K, 0% used [0x00000000d6500000,0x00000000d6500000,0x00000000d6580000)
 ParOldGen       total 87552K, used 87551K [0x0000000080000000, 0x0000000085580000, 0x00000000d5580000)
  object space 87552K, 99% used [0x0000000080000000,0x000000008557ffb8,0x0000000085580000)
 Metaspace       used 68563K, committed 70144K, reserved 1114112K
  class space    used 7311K, committed 8000K, reserved 1048576K
}
Event: 66.337 GC heap after
{Heap after GC invocations=111 (full 3):
 PSYoungGen      total 12288K, used 510K [0x00000000d5580000, 0x00000000d6600000, 0x0000000100000000)
  eden space 11776K, 0% used [0x00000000d5580000,0x00000000d5580000,0x00000000d6100000)
  from space 512K, 99% used [0x00000000d6500000,0x00000000d657f830,0x00000000d6580000)
  to   space 2560K, 0% used [0x00000000d6100000,0x00000000d6100000,0x00000000d6380000)
 ParOldGen       total 89088K, used 88978K [0x0000000080000000, 0x0000000085700000, 0x00000000d5580000)
  object space 89088K, 99% used [0x0000000080000000,0x00000000856e4a78,0x0000000085700000)
 Metaspace       used 68563K, committed 70144K, reserved 1114112K
  class space    used 7311K, committed 8000K, reserved 1048576K
}
Event: 66.551 GC heap before
{Heap before GC invocations=112 (full 3):
 PSYoungGen      total 12288K, used 12286K [0x00000000d5580000, 0x00000000d6600000, 0x0000000100000000)
  eden space 11776K, 100% used [0x00000000d5580000,0x00000000d6100000,0x00000000d6100000)
  from space 512K, 99% used [0x00000000d6500000,0x00000000d657f830,0x00000000d6580000)
  to   space 2560K, 0% used [0x00000000d6100000,0x00000000d6100000,0x00000000d6380000)
 ParOldGen       total 89088K, used 88978K [0x0000000080000000, 0x0000000085700000, 0x00000000d5580000)
  object space 89088K, 99% used [0x0000000080000000,0x00000000856e4a78,0x0000000085700000)
 Metaspace       used 68983K, committed 70528K, reserved 1114112K
  class space    used 7356K, committed 8000K, reserved 1048576K
}
Event: 66.556 GC heap after
{Heap after GC invocations=112 (full 3):
 PSYoungGen      total 14336K, used 800K [0x00000000d5580000, 0x00000000d6580000, 0x0000000100000000)
  eden space 11776K, 0% used [0x00000000d5580000,0x00000000d5580000,0x00000000d6100000)
  from space 2560K, 31% used [0x00000000d6100000,0x00000000d61c8020,0x00000000d6380000)
  to   space 1536K, 0% used [0x00000000d6400000,0x00000000d6400000,0x00000000d6580000)
 ParOldGen       total 89600K, used 89523K [0x0000000080000000, 0x0000000085780000, 0x00000000d5580000)
  object space 89600K, 99% used [0x0000000080000000,0x000000008576cd40,0x0000000085780000)
 Metaspace       used 68983K, committed 70528K, reserved 1114112K
  class space    used 7356K, committed 8000K, reserved 1048576K
}
Event: 66.624 GC heap before
{Heap before GC invocations=113 (full 3):
 PSYoungGen      total 14336K, used 12576K [0x00000000d5580000, 0x00000000d6580000, 0x0000000100000000)
  eden space 11776K, 100% used [0x00000000d5580000,0x00000000d6100000,0x00000000d6100000)
  from space 2560K, 31% used [0x00000000d6100000,0x00000000d61c8020,0x00000000d6380000)
  to   space 1536K, 0% used [0x00000000d6400000,0x00000000d6400000,0x00000000d6580000)
 ParOldGen       total 89600K, used 89523K [0x0000000080000000, 0x0000000085780000, 0x00000000d5580000)
  object space 89600K, 99% used [0x0000000080000000,0x000000008576cd40,0x0000000085780000)
 Metaspace       used 69009K, committed 70592K, reserved 1114112K
  class space    used 7365K, committed 8064K, reserved 1048576K
}
Event: 66.626 GC heap after
{Heap after GC invocations=113 (full 3):
 PSYoungGen      total 12288K, used 480K [0x00000000d5580000, 0x00000000d6480000, 0x0000000100000000)
  eden space 11776K, 0% used [0x00000000d5580000,0x00000000d5580000,0x00000000d6100000)
  from space 512K, 93% used [0x00000000d6400000,0x00000000d6478000,0x00000000d6480000)
  to   space 1024K, 0% used [0x00000000d6280000,0x00000000d6280000,0x00000000d6380000)
 ParOldGen       total 90624K, used 90189K [0x0000000080000000, 0x0000000085880000, 0x00000000d5580000)
  object space 90624K, 99% used [0x0000000080000000,0x0000000085813490,0x0000000085880000)
 Metaspace       used 69009K, committed 70592K, reserved 1114112K
  class space    used 7365K, committed 8064K, reserved 1048576K
}
Event: 66.692 GC heap before
{Heap before GC invocations=114 (full 3):
 PSYoungGen      total 12288K, used 12256K [0x00000000d5580000, 0x00000000d6480000, 0x0000000100000000)
  eden space 11776K, 100% used [0x00000000d5580000,0x00000000d6100000,0x00000000d6100000)
  from space 512K, 93% used [0x00000000d6400000,0x00000000d6478000,0x00000000d6480000)
  to   space 1024K, 0% used [0x00000000d6280000,0x00000000d6280000,0x00000000d6380000)
 ParOldGen       total 90624K, used 90189K [0x0000000080000000, 0x0000000085880000, 0x00000000d5580000)
  object space 90624K, 99% used [0x0000000080000000,0x0000000085813490,0x0000000085880000)
 Metaspace       used 69044K, committed 70592K, reserved 1114112K
  class space    used 7368K, committed 8064K, reserved 1048576K
}
Event: 66.694 GC heap after
{Heap after GC invocations=114 (full 3):
 PSYoungGen      total 12800K, used 384K [0x00000000d5580000, 0x00000000d6480000, 0x0000000100000000)
  eden space 11776K, 0% used [0x00000000d5580000,0x00000000d5580000,0x00000000d6100000)
  from space 1024K, 37% used [0x00000000d6280000,0x00000000d62e0000,0x00000000d6380000)
  to   space 512K, 0% used [0x00000000d6400000,0x00000000d6400000,0x00000000d6480000)
 ParOldGen       total 90624K, used 90549K [0x0000000080000000, 0x0000000085880000, 0x00000000d5580000)
  object space 90624K, 99% used [0x0000000080000000,0x000000008586d4a0,0x0000000085880000)
 Metaspace       used 69044K, committed 70592K, reserved 1114112K
  class space    used 7368K, committed 8064K, reserved 1048576K
}

