# JRE version: Java(TM) SE Runtime Environment (21.0.2+13) (build 21.0.2+13-LTS-58)
# Java VM: Java HotSpot(TM) 64-Bit Server VM (21.0.2+13-LTS-58, mixed mode, sharing, tiered, compressed oops, compressed class ptrs, g1 gc, windows-amd64)
GC Precious Log:
 CardTable entry size: 512
 Card Set container configuration: InlinePtr #cards 5 size 8 Array Of Cards #cards 12 size 40 Howl #buckets 4 coarsen threshold 1843 Howl Bitmap #cards 512 size 80 coarsen threshold 460 Card regions per heap region 1 cards per card region 2048
 CPUs: 8 total, 8 available
 Memory: 7932M
 Large Page Support: Disabled
 NUMA Support: Disabled
 Compressed Oops: Enabled (32-bit)
 Heap Region Size: 1M
 Heap Min Capacity: 8M
 Heap Initial Capacity: 124M
 Heap Max Capacity: 1984M
 Pre-touch: Disabled
 Parallel Workers: 8
 Concurrent Workers: 2
 Concurrent Refinement Workers: 8
 Periodic GC: Disabled
Heap:
 garbage-first heap   total 126976K, used 56320K [0x0000000084000000, 0x0000000100000000)
  region size 1024K, 52 young (53248K), 10 survivors (10240K)
 Metaspace       used 15996K, committed 16256K, reserved 1114112K
  class space    used 1855K, committed 1984K, reserved 1048576K
GC Heap History (6 events):
Event: 4.596 GC heap before
{Heap before GC invocations=0 (full 0):
 garbage-first heap   total 126976K, used 23552K [0x0000000084000000, 0x0000000100000000)
  region size 1024K, 23 young (23552K), 0 survivors (0K)
 Metaspace       used 5642K, committed 5888K, reserved 1114112K
  class space    used 657K, committed 768K, reserved 1048576K
}
Event: 4.613 GC heap after
{Heap after GC invocations=1 (full 0):
 garbage-first heap   total 126976K, used 3680K [0x0000000084000000, 0x0000000100000000)
  region size 1024K, 3 young (3072K), 3 survivors (3072K)
 Metaspace       used 5642K, committed 5888K, reserved 1114112K
  class space    used 657K, committed 768K, reserved 1048576K
}
Event: 8.802 GC heap before
{Heap before GC invocations=1 (full 0):
 garbage-first heap   total 126976K, used 34400K [0x0000000084000000, 0x0000000100000000)
  region size 1024K, 33 young (33792K), 3 survivors (3072K)
 Metaspace       used 9444K, committed 9600K, reserved 1114112K
  class space    used 1118K, committed 1216K, reserved 1048576K
}
Event: 8.818 GC heap after
{Heap after GC invocations=2 (full 0):
 garbage-first heap   total 126976K, used 5757K [0x0000000084000000, 0x0000000100000000)
  region size 1024K, 2 young (2048K), 2 survivors (2048K)
 Metaspace       used 9444K, committed 9600K, reserved 1114112K
  class space    used 1118K, committed 1216K, reserved 1048576K
}
Event: 17.869 GC heap before
{Heap before GC invocations=2 (full 0):
 garbage-first heap   total 126976K, used 79485K [0x0000000084000000, 0x0000000100000000)
  region size 1024K, 74 young (75776K), 2 survivors (2048K)
 Metaspace       used 15728K, committed 15936K, reserved 1114112K
  class space    used 1828K, committed 1920K, reserved 1048576K
}
Event: 17.902 GC heap after
{Heap after GC invocations=3 (full 0):
 garbage-first heap   total 126976K, used 14336K [0x0000000084000000, 0x0000000100000000)
  region size 1024K, 10 young (10240K), 10 survivors (10240K)
 Metaspace       used 15728K, committed 15936K, reserved 1114112K
  class space    used 1828K, committed 1920K, reserved 1048576K
}

