# JRE version: OpenJDK Runtime Environment Temurin-21.0.8+9 (21.0.8+9) (build 21.0.8+9-LTS)
# Java VM: OpenJDK 64-Bit Server VM Temurin-21.0.8+9 (21.0.8+9-LTS, mixed mode, sharing, tiered, compressed oops, compressed class ptrs, parallel gc, windows-amd64)
GC Precious Log:
 CardTable entry size: 512
 CPUs: 8 total, 8 available
 Memory: 7932M
 Large Page Support: Disabled
 NUMA Support: Disabled
 Compressed Oops: Enabled (32-bit)
 Alignments: Space 512K, Generation 512K, Heap 2M
 Heap Min Capacity: 100M
 Heap Initial Capacity: 100M
 Heap Max Capacity: 2G
 Pre-touch: Disabled
 Parallel Workers: 8
Heap:
 PSYoungGen      total 7680K, used 4642K [0x00000000d5580000, 0x00000000d5f00000, 0x0000000100000000)
  eden space 7168K, 60% used [0x00000000d5580000,0x00000000d59b49d8,0x00000000d5c80000)
  from space 512K, 65% used [0x00000000d5e80000,0x00000000d5ed4030,0x00000000d5f00000)
  to   space 512K, 0% used [0x00000000d5d80000,0x00000000d5d80000,0x00000000d5e00000)
 ParOldGen       total 384512K, used 266221K [0x0000000080000000, 0x0000000097780000, 0x00000000d5580000)
  object space 384512K, 69% used [0x0000000080000000,0x00000000903fb6d8,0x0000000097780000)
 Metaspace       used 82914K, committed 84800K, reserved 1179648K
  class space    used 8723K, committed 9600K, reserved 1048576K
GC Heap History (20 events):
Event: 373.021 GC heap before
{Heap before GC invocations=619 (full 4):
 PSYoungGen      total 8192K, used 7840K [0x00000000d5580000, 0x00000000d5e80000, 0x0000000100000000)
  eden space 7680K, 100% used [0x00000000d5580000,0x00000000d5d00000,0x00000000d5d00000)
  from space 512K, 31% used [0x00000000d5d80000,0x00000000d5da8000,0x00000000d5e00000)
  to   space 512K, 0% used [0x00000000d5d00000,0x00000000d5d00000,0x00000000d5d80000)
 ParOldGen       total 384512K, used 263507K [0x0000000080000000, 0x0000000097780000, 0x00000000d5580000)
  object space 384512K, 68% used [0x0000000080000000,0x0000000090154e58,0x0000000097780000)
 Metaspace       used 82831K, committed 84800K, reserved 1179648K
  class space    used 8723K, committed 9600K, reserved 1048576K
}
Event: 373.024 GC heap after
{Heap after GC invocations=619 (full 4):
 PSYoungGen      total 8192K, used 314K [0x00000000d5580000, 0x00000000d5e00000, 0x0000000100000000)
  eden space 7680K, 0% used [0x00000000d5580000,0x00000000d5580000,0x00000000d5d00000)
  from space 512K, 61% used [0x00000000d5d00000,0x00000000d5d4e900,0x00000000d5d80000)
  to   space 512K, 0% used [0x00000000d5d80000,0x00000000d5d80000,0x00000000d5e00000)
 ParOldGen       total 384512K, used 263555K [0x0000000080000000, 0x0000000097780000, 0x00000000d5580000)
  object space 384512K, 68% used [0x0000000080000000,0x0000000090160e58,0x0000000097780000)
 Metaspace       used 82831K, committed 84800K, reserved 1179648K
  class space    used 8723K, committed 9600K, reserved 1048576K
}
Event: 373.073 GC heap before
{Heap before GC invocations=620 (full 4):
 PSYoungGen      total 8192K, used 7837K [0x00000000d5580000, 0x00000000d5e00000, 0x0000000100000000)
  eden space 7680K, 97% used [0x00000000d5580000,0x00000000d5cd8da0,0x00000000d5d00000)
  from space 512K, 61% used [0x00000000d5d00000,0x00000000d5d4e900,0x00000000d5d80000)
  to   space 512K, 0% used [0x00000000d5d80000,0x00000000d5d80000,0x00000000d5e00000)
 ParOldGen       total 384512K, used 263555K [0x0000000080000000, 0x0000000097780000, 0x00000000d5580000)
  object space 384512K, 68% used [0x0000000080000000,0x0000000090160e58,0x0000000097780000)
 Metaspace       used 82832K, committed 84800K, reserved 1179648K
  class space    used 8723K, committed 9600K, reserved 1048576K
}
Event: 373.076 GC heap after
{Heap after GC invocations=620 (full 4):
 PSYoungGen      total 7680K, used 506K [0x00000000d5580000, 0x00000000d5f00000, 0x0000000100000000)
  eden space 7168K, 0% used [0x00000000d5580000,0x00000000d5580000,0x00000000d5c80000)
  from space 512K, 98% used [0x00000000d5d80000,0x00000000d5dfe900,0x00000000d5e00000)
  to   space 1024K, 0% used [0x00000000d5c80000,0x00000000d5c80000,0x00000000d5d80000)
 ParOldGen       total 384512K, used 263595K [0x0000000080000000, 0x0000000097780000, 0x00000000d5580000)
  object space 384512K, 68% used [0x0000000080000000,0x000000009016ae58,0x0000000097780000)
 Metaspace       used 82832K, committed 84800K, reserved 1179648K
  class space    used 8723K, committed 9600K, reserved 1048576K
}
Event: 373.116 GC heap before
{Heap before GC invocations=621 (full 4):
 PSYoungGen      total 7680K, used 7674K [0x00000000d5580000, 0x00000000d5f00000, 0x0000000100000000)
  eden space 7168K, 100% used [0x00000000d5580000,0x00000000d5c80000,0x00000000d5c80000)
  from space 512K, 98% used [0x00000000d5d80000,0x00000000d5dfe900,0x00000000d5e00000)
  to   space 1024K, 0% used [0x00000000d5c80000,0x00000000d5c80000,0x00000000d5d80000)
 ParOldGen       total 384512K, used 263595K [0x0000000080000000, 0x0000000097780000, 0x00000000d5580000)
  object space 384512K, 68% used [0x0000000080000000,0x000000009016ae58,0x0000000097780000)
 Metaspace       used 82835K, committed 84800K, reserved 1179648K
  class space    used 8723K, committed 9600K, reserved 1048576K
}
Event: 373.118 GC heap after
{Heap after GC invocations=621 (full 4):
 PSYoungGen      total 8192K, used 218K [0x00000000d5580000, 0x00000000d5e00000, 0x0000000100000000)
  eden space 7168K, 0% used [0x00000000d5580000,0x00000000d5580000,0x00000000d5c80000)
  from space 1024K, 21% used [0x00000000d5c80000,0x00000000d5cb6900,0x00000000d5d80000)
  to   space 512K, 0% used [0x00000000d5d80000,0x00000000d5d80000,0x00000000d5e00000)
 ParOldGen       total 384512K, used 263683K [0x0000000080000000, 0x0000000097780000, 0x00000000d5580000)
  object space 384512K, 68% used [0x0000000080000000,0x0000000090180e58,0x0000000097780000)
 Metaspace       used 82835K, committed 84800K, reserved 1179648K
  class space    used 8723K, committed 9600K, reserved 1048576K
}
Event: 373.189 GC heap before
{Heap before GC invocations=622 (full 4):
 PSYoungGen      total 8192K, used 7386K [0x00000000d5580000, 0x00000000d5e00000, 0x0000000100000000)
  eden space 7168K, 100% used [0x00000000d5580000,0x00000000d5c80000,0x00000000d5c80000)
  from space 1024K, 21% used [0x00000000d5c80000,0x00000000d5cb6900,0x00000000d5d80000)
  to   space 512K, 0% used [0x00000000d5d80000,0x00000000d5d80000,0x00000000d5e00000)
 ParOldGen       total 384512K, used 263683K [0x0000000080000000, 0x0000000097780000, 0x00000000d5580000)
  object space 384512K, 68% used [0x0000000080000000,0x0000000090180e58,0x0000000097780000)
 Metaspace       used 82836K, committed 84800K, reserved 1179648K
  class space    used 8723K, committed 9600K, reserved 1048576K
}
Event: 373.193 GC heap after
{Heap after GC invocations=622 (full 4):
 PSYoungGen      total 7680K, used 496K [0x00000000d5580000, 0x00000000d5e80000, 0x0000000100000000)
  eden space 7168K, 0% used [0x00000000d5580000,0x00000000d5580000,0x00000000d5c80000)
  from space 512K, 96% used [0x00000000d5d80000,0x00000000d5dfc1d0,0x00000000d5e00000)
  to   space 1024K, 0% used [0x00000000d5c80000,0x00000000d5c80000,0x00000000d5d80000)
 ParOldGen       total 384512K, used 263755K [0x0000000080000000, 0x0000000097780000, 0x00000000d5580000)
  object space 384512K, 68% used [0x0000000080000000,0x0000000090192e58,0x0000000097780000)
 Metaspace       used 82836K, committed 84800K, reserved 1179648K
  class space    used 8723K, committed 9600K, reserved 1048576K
}
Event: 373.286 GC heap before
{Heap before GC invocations=623 (full 4):
 PSYoungGen      total 7680K, used 7196K [0x00000000d5580000, 0x00000000d5e80000, 0x0000000100000000)
  eden space 7168K, 93% used [0x00000000d5580000,0x00000000d5c0ae88,0x00000000d5c80000)
  from space 512K, 96% used [0x00000000d5d80000,0x00000000d5dfc1d0,0x00000000d5e00000)
  to   space 1024K, 0% used [0x00000000d5c80000,0x00000000d5c80000,0x00000000d5d80000)
 ParOldGen       total 384512K, used 263755K [0x0000000080000000, 0x0000000097780000, 0x00000000d5580000)
  object space 384512K, 68% used [0x0000000080000000,0x0000000090192e58,0x0000000097780000)
 Metaspace       used 82836K, committed 84800K, reserved 1179648K
  class space    used 8723K, committed 9600K, reserved 1048576K
}
Event: 373.289 GC heap after
{Heap after GC invocations=623 (full 4):
 PSYoungGen      total 8192K, used 256K [0x00000000d5580000, 0x00000000d5e00000, 0x0000000100000000)
  eden space 7168K, 0% used [0x00000000d5580000,0x00000000d5580000,0x00000000d5c80000)
  from space 1024K, 25% used [0x00000000d5c80000,0x00000000d5cc0000,0x00000000d5d80000)
  to   space 512K, 0% used [0x00000000d5d80000,0x00000000d5d80000,0x00000000d5e00000)
 ParOldGen       total 384512K, used 263944K [0x0000000080000000, 0x0000000097780000, 0x00000000d5580000)
  object space 384512K, 68% used [0x0000000080000000,0x00000000901c2058,0x0000000097780000)
 Metaspace       used 82836K, committed 84800K, reserved 1179648K
  class space    used 8723K, committed 9600K, reserved 1048576K
}
Event: 373.309 GC heap before
{Heap before GC invocations=624 (full 4):
 PSYoungGen      total 8192K, used 7424K [0x00000000d5580000, 0x00000000d5e00000, 0x0000000100000000)
  eden space 7168K, 100% used [0x00000000d5580000,0x00000000d5c80000,0x00000000d5c80000)
  from space 1024K, 25% used [0x00000000d5c80000,0x00000000d5cc0000,0x00000000d5d80000)
  to   space 512K, 0% used [0x00000000d5d80000,0x00000000d5d80000,0x00000000d5e00000)
 ParOldGen       total 384512K, used 263944K [0x0000000080000000, 0x0000000097780000, 0x00000000d5580000)
  object space 384512K, 68% used [0x0000000080000000,0x00000000901c2058,0x0000000097780000)
 Metaspace       used 82843K, committed 84800K, reserved 1179648K
  class space    used 8723K, committed 9600K, reserved 1048576K
}
Event: 373.311 GC heap after
{Heap after GC invocations=624 (full 4):
 PSYoungGen      total 7680K, used 512K [0x00000000d5580000, 0x00000000d5e80000, 0x0000000100000000)
  eden space 7168K, 0% used [0x00000000d5580000,0x00000000d5580000,0x00000000d5c80000)
  from space 512K, 100% used [0x00000000d5d80000,0x00000000d5e00000,0x00000000d5e00000)
  to   space 1024K, 0% used [0x00000000d5c80000,0x00000000d5c80000,0x00000000d5d80000)
 ParOldGen       total 384512K, used 264096K [0x0000000080000000, 0x0000000097780000, 0x00000000d5580000)
  object space 384512K, 68% used [0x0000000080000000,0x00000000901e8268,0x0000000097780000)
 Metaspace       used 82843K, committed 84800K, reserved 1179648K
  class space    used 8723K, committed 9600K, reserved 1048576K
}
Event: 379.856 GC heap before
{Heap before GC invocations=625 (full 4):
 PSYoungGen      total 7680K, used 7680K [0x00000000d5580000, 0x00000000d5e80000, 0x0000000100000000)
  eden space 7168K, 100% used [0x00000000d5580000,0x00000000d5c80000,0x00000000d5c80000)
  from space 512K, 100% used [0x00000000d5d80000,0x00000000d5e00000,0x00000000d5e00000)
  to   space 1024K, 0% used [0x00000000d5c80000,0x00000000d5c80000,0x00000000d5d80000)
 ParOldGen       total 384512K, used 264096K [0x0000000080000000, 0x0000000097780000, 0x00000000d5580000)
  object space 384512K, 68% used [0x0000000080000000,0x00000000901e8268,0x0000000097780000)
 Metaspace       used 82850K, committed 84800K, reserved 1179648K
  class space    used 8723K, committed 9600K, reserved 1048576K
}
Event: 379.862 GC heap after
{Heap after GC invocations=625 (full 4):
 PSYoungGen      total 8192K, used 1011K [0x00000000d5580000, 0x00000000d6180000, 0x0000000100000000)
  eden space 7168K, 0% used [0x00000000d5580000,0x00000000d5580000,0x00000000d5c80000)
  from space 1024K, 98% used [0x00000000d5c80000,0x00000000d5d7ccf0,0x00000000d5d80000)
  to   space 2560K, 0% used [0x00000000d5f00000,0x00000000d5f00000,0x00000000d6180000)
 ParOldGen       total 384512K, used 265218K [0x0000000080000000, 0x0000000097780000, 0x00000000d5580000)
  object space 384512K, 68% used [0x0000000080000000,0x0000000090300b78,0x0000000097780000)
 Metaspace       used 82850K, committed 84800K, reserved 1179648K
  class space    used 8723K, committed 9600K, reserved 1048576K
}
Event: 380.764 GC heap before
{Heap before GC invocations=626 (full 4):
 PSYoungGen      total 8192K, used 8179K [0x00000000d5580000, 0x00000000d6180000, 0x0000000100000000)
  eden space 7168K, 99% used [0x00000000d5580000,0x00000000d5c7fff8,0x00000000d5c80000)
  from space 1024K, 98% used [0x00000000d5c80000,0x00000000d5d7ccf0,0x00000000d5d80000)
  to   space 2560K, 0% used [0x00000000d5f00000,0x00000000d5f00000,0x00000000d6180000)
 ParOldGen       total 384512K, used 265218K [0x0000000080000000, 0x0000000097780000, 0x00000000d5580000)
  object space 384512K, 68% used [0x0000000080000000,0x0000000090300b78,0x0000000097780000)
 Metaspace       used 82867K, committed 84800K, reserved 1179648K
  class space    used 8723K, committed 9600K, reserved 1048576K
}
Event: 380.768 GC heap after
{Heap after GC invocations=626 (full 4):
 PSYoungGen      total 8704K, used 1062K [0x00000000d5580000, 0x00000000d6080000, 0x0000000100000000)
  eden space 7168K, 0% used [0x00000000d5580000,0x00000000d5580000,0x00000000d5c80000)
  from space 1536K, 69% used [0x00000000d5f00000,0x00000000d6009950,0x00000000d6080000)
  to   space 1536K, 0% used [0x00000000d5d80000,0x00000000d5d80000,0x00000000d5f00000)
 ParOldGen       total 384512K, used 265541K [0x0000000080000000, 0x0000000097780000, 0x00000000d5580000)
  object space 384512K, 69% used [0x0000000080000000,0x0000000090351478,0x0000000097780000)
 Metaspace       used 82867K, committed 84800K, reserved 1179648K
  class space    used 8723K, committed 9600K, reserved 1048576K
}
Event: 381.633 GC heap before
{Heap before GC invocations=627 (full 4):
 PSYoungGen      total 8704K, used 8230K [0x00000000d5580000, 0x00000000d6080000, 0x0000000100000000)
  eden space 7168K, 100% used [0x00000000d5580000,0x00000000d5c80000,0x00000000d5c80000)
  from space 1536K, 69% used [0x00000000d5f00000,0x00000000d6009950,0x00000000d6080000)
  to   space 1536K, 0% used [0x00000000d5d80000,0x00000000d5d80000,0x00000000d5f00000)
 ParOldGen       total 384512K, used 265541K [0x0000000080000000, 0x0000000097780000, 0x00000000d5580000)
  object space 384512K, 69% used [0x0000000080000000,0x0000000090351478,0x0000000097780000)
 Metaspace       used 82872K, committed 84800K, reserved 1179648K
  class space    used 8723K, committed 9600K, reserved 1048576K
}
Event: 381.636 GC heap after
{Heap after GC invocations=627 (full 4):
 PSYoungGen      total 7680K, used 352K [0x00000000d5580000, 0x00000000d5f80000, 0x0000000100000000)
  eden space 7168K, 0% used [0x00000000d5580000,0x00000000d5580000,0x00000000d5c80000)
  from space 512K, 68% used [0x00000000d5d80000,0x00000000d5dd8000,0x00000000d5e00000)
  to   space 1024K, 0% used [0x00000000d5e80000,0x00000000d5e80000,0x00000000d5f80000)
 ParOldGen       total 384512K, used 266117K [0x0000000080000000, 0x0000000097780000, 0x00000000d5580000)
  object space 384512K, 69% used [0x0000000080000000,0x00000000903e16c8,0x0000000097780000)
 Metaspace       used 82872K, committed 84800K, reserved 1179648K
  class space    used 8723K, committed 9600K, reserved 1048576K
}
Event: 398.963 GC heap before
{Heap before GC invocations=628 (full 4):
 PSYoungGen      total 7680K, used 7519K [0x00000000d5580000, 0x00000000d5f80000, 0x0000000100000000)
  eden space 7168K, 99% used [0x00000000d5580000,0x00000000d5c7fff8,0x00000000d5c80000)
  from space 512K, 68% used [0x00000000d5d80000,0x00000000d5dd8000,0x00000000d5e00000)
  to   space 1024K, 0% used [0x00000000d5e80000,0x00000000d5e80000,0x00000000d5f80000)
 ParOldGen       total 384512K, used 266117K [0x0000000080000000, 0x0000000097780000, 0x00000000d5580000)
  object space 384512K, 69% used [0x0000000080000000,0x00000000903e16c8,0x0000000097780000)
 Metaspace       used 82883K, committed 84800K, reserved 1179648K
  class space    used 8723K, committed 9600K, reserved 1048576K
}
Event: 398.965 GC heap after
{Heap after GC invocations=628 (full 4):
 PSYoungGen      total 7680K, used 336K [0x00000000d5580000, 0x00000000d5f00000, 0x0000000100000000)
  eden space 7168K, 0% used [0x00000000d5580000,0x00000000d5580000,0x00000000d5c80000)
  from space 512K, 65% used [0x00000000d5e80000,0x00000000d5ed4030,0x00000000d5f00000)
  to   space 512K, 0% used [0x00000000d5d80000,0x00000000d5d80000,0x00000000d5e00000)
 ParOldGen       total 384512K, used 266221K [0x0000000080000000, 0x0000000097780000, 0x00000000d5580000)
  object space 384512K, 69% used [0x0000000080000000,0x00000000903fb6d8,0x0000000097780000)
 Metaspace       used 82883K, committed 84800K, reserved 1179648K
  class space    used 8723K, committed 9600K, reserved 1048576K
}

